<?xml version="1.0" encoding="UTF-8"?>
<!-- Generated by org.testng.reporters.JUnitReportReporter -->
<testsuite hostname="MP27644D" failures="0" tests="5" name="DD" time="0.006" errors="0" timestamp="2024-01-07T12:46:24 IST" skipped="0">
  <testcase classname="DD" name="dataDriven" time="0.000"/>
  <system-out/>
  <testcase classname="DD" name="dataDriven" time="0.000"/>
  <system-out/>
  <testcase classname="DD" name="dataDriven" time="0.001"/>
  <system-out/>
  <testcase classname="DD" name="dataDriven" time="0.000"/>
  <system-out/>
  <testcase classname="DD" name="dataDriven" time="0.005"/>
  <system-out/>
</testsuite> <!-- DD -->
