<?xml version="1.0" encoding="UTF-8"?>
<!-- Generated by org.testng.reporters.JUnitReportReporter -->
<testsuite hostname="MP27644D" failures="0" tests="3" name="com.orange.qa.test.LoginPageTest" time="3.010" errors="0" timestamp="2024-01-23T16:42:13 IST" skipped="0">
  <testcase classname="com.orange.qa.test.LoginPageTest" name="verifyLoginPage" time="0.978"/>
  <testcase classname="com.orange.qa.test.LoginPageTest" name="applicationLogin" time="0.363"/>
  <testcase classname="com.orange.qa.test.LoginPageTest" name="verifyHomePage" time="1.669"/>
</testsuite> <!-- com.orange.qa.test.LoginPageTest -->
